# JRE version: OpenJDK Runtime Environment (11.0.8+10) (build 11.0.8+10-b944.6842174)
# Java VM: OpenJDK 64-Bit Server VM (11.0.8+10-b944.6842174, mixed mode, tiered, compressed oops, g1 gc, windows-amd64)
Heap:
 garbage-first heap   total 333824K, used 183876K [0x0000000080000000, 0x0000000100000000)
  region size 1024K, 3 young (3072K), 3 survivors (3072K)
 Metaspace       used 100723K, capacity 102992K, committed 103168K, reserved 1138688K
  class space    used 12745K, capacity 13563K, committed 13644K, reserved 1048576K
GC Heap History (20 events):
Event: 39.591 GC heap after
{Heap after GC invocations=39 (full 0):
 garbage-first heap   total 187392K, used 110893K [0x0000000080000000, 0x0000000100000000)
  region size 1024K, 1 young (1024K), 1 survivors (1024K)
 Metaspace       used 96320K, capacity 98485K, committed 98560K, reserved 1134592K
  class space    used 12036K, capacity 12816K, committed 12876K, reserved 1048576K
}
Event: 40.352 GC heap before
{Heap before GC invocations=39 (full 0):
 garbage-first heap   total 187392K, used 151853K [0x0000000080000000, 0x0000000100000000)
  region size 1024K, 41 young (41984K), 1 survivors (1024K)
 Metaspace       used 97831K, capacity 99966K, committed 100096K, reserved 1136640K
  class space    used 12255K, capacity 13054K, committed 13132K, reserved 1048576K
}
Event: 40.363 GC heap after
{Heap after GC invocations=40 (full 0):
 garbage-first heap   total 187392K, used 119464K [0x0000000080000000, 0x0000000100000000)
  region size 1024K, 6 young (6144K), 6 survivors (6144K)
 Metaspace       used 97831K, capacity 99966K, committed 100096K, reserved 1136640K
  class space    used 12255K, capacity 13054K, committed 13132K, reserved 1048576K
}
Event: 41.142 GC heap before
{Heap before GC invocations=41 (full 0):
 garbage-first heap   total 187392K, used 174760K [0x0000000080000000, 0x0000000100000000)
  region size 1024K, 39 young (39936K), 6 survivors (6144K)
 Metaspace       used 98781K, capacity 100925K, committed 100992K, reserved 1136640K
  class space    used 12389K, capacity 13204K, committed 13260K, reserved 1048576K
}
Event: 41.161 GC heap after
{Heap after GC invocations=42 (full 0):
 garbage-first heap   total 195584K, used 143834K [0x0000000080000000, 0x0000000100000000)
  region size 1024K, 5 young (5120K), 5 survivors (5120K)
 Metaspace       used 98781K, capacity 100925K, committed 100992K, reserved 1136640K
  class space    used 12389K, capacity 13204K, committed 13260K, reserved 1048576K
}
Event: 41.256 GC heap before
{Heap before GC invocations=42 (full 0):
 garbage-first heap   total 195584K, used 147930K [0x0000000080000000, 0x0000000100000000)
  region size 1024K, 9 young (9216K), 5 survivors (5120K)
 Metaspace       used 98797K, capacity 100943K, committed 101248K, reserved 1136640K
  class space    used 12391K, capacity 13207K, committed 13260K, reserved 1048576K
}
Event: 41.278 GC heap after
{Heap after GC invocations=43 (full 0):
 garbage-first heap   total 195584K, used 142857K [0x0000000080000000, 0x0000000100000000)
  region size 1024K, 2 young (2048K), 2 survivors (2048K)
 Metaspace       used 98797K, capacity 100943K, committed 101248K, reserved 1136640K
  class space    used 12391K, capacity 13207K, committed 13260K, reserved 1048576K
}
Event: 41.616 GC heap before
{Heap before GC invocations=43 (full 0):
 garbage-first heap   total 195584K, used 160265K [0x0000000080000000, 0x0000000100000000)
  region size 1024K, 20 young (20480K), 2 survivors (2048K)
 Metaspace       used 98819K, capacity 101025K, committed 101248K, reserved 1136640K
  class space    used 12393K, capacity 13210K, committed 13260K, reserved 1048576K
}
Event: 41.646 GC heap after
{Heap after GC invocations=44 (full 0):
 garbage-first heap   total 195584K, used 151056K [0x0000000080000000, 0x0000000100000000)
  region size 1024K, 3 young (3072K), 3 survivors (3072K)
 Metaspace       used 98819K, capacity 101025K, committed 101248K, reserved 1136640K
  class space    used 12393K, capacity 13210K, committed 13260K, reserved 1048576K
}
Event: 42.301 GC heap before
{Heap before GC invocations=45 (full 0):
 garbage-first heap   total 195584K, used 164368K [0x0000000080000000, 0x0000000100000000)
  region size 1024K, 15 young (15360K), 3 survivors (3072K)
 Metaspace       used 98831K, capacity 101025K, committed 101248K, reserved 1136640K
  class space    used 12395K, capacity 13210K, committed 13260K, reserved 1048576K
}
Event: 42.325 GC heap after
{Heap after GC invocations=46 (full 0):
 garbage-first heap   total 195584K, used 157978K [0x0000000080000000, 0x0000000100000000)
  region size 1024K, 2 young (2048K), 2 survivors (2048K)
 Metaspace       used 98831K, capacity 101025K, committed 101248K, reserved 1136640K
  class space    used 12395K, capacity 13210K, committed 13260K, reserved 1048576K
}
Event: 42.411 GC heap before
{Heap before GC invocations=46 (full 0):
 garbage-first heap   total 195584K, used 165146K [0x0000000080000000, 0x0000000100000000)
  region size 1024K, 9 young (9216K), 2 survivors (2048K)
 Metaspace       used 98844K, capacity 101025K, committed 101248K, reserved 1136640K
  class space    used 12396K, capacity 13210K, committed 13260K, reserved 1048576K
}
Event: 42.433 GC heap after
{Heap after GC invocations=47 (full 0):
 garbage-first heap   total 235520K, used 158227K [0x0000000080000000, 0x0000000100000000)
  region size 1024K, 2 young (2048K), 2 survivors (2048K)
 Metaspace       used 98844K, capacity 101025K, committed 101248K, reserved 1136640K
  class space    used 12396K, capacity 13210K, committed 13260K, reserved 1048576K
}
Event: 42.577 GC heap before
{Heap before GC invocations=47 (full 0):
 garbage-first heap   total 235520K, used 180755K [0x0000000080000000, 0x0000000100000000)
  region size 1024K, 25 young (25600K), 2 survivors (2048K)
 Metaspace       used 98844K, capacity 101025K, committed 101248K, reserved 1136640K
  class space    used 12396K, capacity 13210K, committed 13260K, reserved 1048576K
}
Event: 42.599 GC heap after
{Heap after GC invocations=48 (full 0):
 garbage-first heap   total 235520K, used 165699K [0x0000000080000000, 0x0000000100000000)
  region size 1024K, 4 young (4096K), 4 survivors (4096K)
 Metaspace       used 98844K, capacity 101025K, committed 101248K, reserved 1136640K
  class space    used 12396K, capacity 13210K, committed 13260K, reserved 1048576K
}
Event: 42.722 GC heap before
{Heap before GC invocations=48 (full 0):
 garbage-first heap   total 235520K, used 186179K [0x0000000080000000, 0x0000000100000000)
  region size 1024K, 25 young (25600K), 4 survivors (4096K)
 Metaspace       used 98853K, capacity 101028K, committed 101248K, reserved 1136640K
  class space    used 12398K, capacity 13211K, committed 13260K, reserved 1048576K
}
Event: 42.756 GC heap after
{Heap after GC invocations=49 (full 0):
 garbage-first heap   total 235520K, used 171482K [0x0000000080000000, 0x0000000100000000)
  region size 1024K, 4 young (4096K), 4 survivors (4096K)
 Metaspace       used 98853K, capacity 101028K, committed 101248K, reserved 1136640K
  class space    used 12398K, capacity 13211K, committed 13260K, reserved 1048576K
}
Event: 43.007 GC heap before
{Heap before GC invocations=49 (full 0):
 garbage-first heap   total 235520K, used 190938K [0x0000000080000000, 0x0000000100000000)
  region size 1024K, 24 young (24576K), 4 survivors (4096K)
 Metaspace       used 99880K, capacity 102123K, committed 102272K, reserved 1138688K
  class space    used 12615K, capacity 13428K, committed 13516K, reserved 1048576K
}
Event: 43.026 GC heap after
{Heap after GC invocations=50 (full 0):
 garbage-first heap   total 235520K, used 174281K [0x0000000080000000, 0x0000000100000000)
  region size 1024K, 3 young (3072K), 3 survivors (3072K)
 Metaspace       used 99880K, capacity 102123K, committed 102272K, reserved 1138688K
  class space    used 12615K, capacity 13428K, committed 13516K, reserved 1048576K
}
Event: 43.556 GC heap before
{Heap before GC invocations=50 (full 0):
 garbage-first heap   total 235520K, used 194761K [0x0000000080000000, 0x0000000100000000)
  region size 1024K, 23 young (23552K), 3 survivors (3072K)
 Metaspace       used 100723K, capacity 102992K, committed 103168K, reserved 1138688K
  class space    used 12745K, capacity 13563K, committed 13644K, reserved 1048576K
}

